[2025-05-09 10:42:17] [info]  [ 5940] Apache Commons Daemon procrun (1.4.1.0 64-bit) started.
[2025-05-09 10:42:17] [info]  [ 5940] Running Service 'Tomcat10'...
[2025-05-09 10:42:17] [info]  [ 1124] Starting service...
[2025-05-09 10:42:19] [info]  [ 1124] Service started in 1164 milliseconds.
[2025-05-09 10:52:11] [info]  [ 5940] Service SERVICE_CONTROL_STOP signalled.
[2025-05-09 10:52:11] [info]  [ 8180] Stopping service...
[2025-05-09 10:52:12] [info]  [ 8180] Service stop thread completed.
[2025-05-09 10:52:12] [info]  [ 5940] Run service finished.
[2025-05-09 10:52:12] [info]  [ 5940] Apache Commons Daemon procrun finished.
[2025-05-09 10:52:13] [info]  [ 4204] Apache Commons Daemon procrun (1.4.1.0 64-bit) started.
[2025-05-09 10:52:13] [info]  [ 4204] Running Service 'Tomcat10'...
[2025-05-09 10:52:13] [info]  [ 7868] Starting service...
[2025-05-09 10:52:14] [info]  [ 7868] Service started in 1207 milliseconds.
[2025-05-09 11:04:23] [info]  [ 4204] Service SERVICE_CONTROL_STOP signalled.
[2025-05-09 11:04:23] [info]  [ 8796] Stopping service...
[2025-05-09 11:04:24] [info]  [ 8796] Service stop thread completed.
[2025-05-09 11:04:24] [info]  [ 4204] Run service finished.
[2025-05-09 11:04:24] [info]  [ 4204] Apache Commons Daemon procrun finished.
[2025-05-09 11:04:25] [info]  [ 5148] Apache Commons Daemon procrun (1.4.1.0 64-bit) started.
[2025-05-09 11:04:25] [info]  [ 5148] Running Service 'Tomcat10'...
[2025-05-09 11:04:25] [info]  [ 6480] Starting service...
[2025-05-09 11:04:26] [info]  [ 6480] Service started in 1169 milliseconds.
[2025-05-09 11:09:05] [info]  [ 5148] Service SERVICE_CONTROL_STOP signalled.
[2025-05-09 11:09:05] [info]  [ 7640] Stopping service...
[2025-05-09 11:09:06] [info]  [ 7640] Service stop thread completed.
[2025-05-09 11:09:06] [info]  [ 5148] Run service finished.
[2025-05-09 11:09:06] [info]  [ 5148] Apache Commons Daemon procrun finished.
[2025-05-09 11:13:59] [info]  [ 5284] Apache Commons Daemon procrun (1.4.1.0 64-bit) started.
[2025-05-09 11:13:59] [info]  [ 5284] Running Service 'Tomcat10'...
[2025-05-09 11:13:59] [info]  [ 7856] Starting service...
[2025-05-09 11:14:01] [info]  [ 7856] Service started in 1187 milliseconds.
[2025-05-09 11:21:12] [info]  [ 5816] Console SHUTDOWN event signaled.
[2025-05-09 11:21:12] [info]  [ 5816] Stopping service...
[2025-05-09 11:21:13] [info]  [ 5816] Service stop thread completed.
[2025-05-09 11:21:13] [info]  [ 5284] Run service finished.
[2025-05-09 11:21:13] [info]  [ 5284] Apache Commons Daemon procrun finished.
[2025-05-09 11:33:53] [info]  [ 6200] Apache Commons Daemon procrun (1.4.1.0 64-bit) started.
[2025-05-09 11:33:53] [info]  [ 6200] Running Service 'Tomcat10'...
[2025-05-09 11:33:53] [info]  [ 6620] Starting service...
[2025-05-09 11:33:54] [info]  [ 6620] Service started in 1341 milliseconds.
[2025-05-09 12:49:08] [info]  [ 6200] Service SERVICE_CONTROL_STOP signalled.
[2025-05-09 12:49:08] [info]  [ 4304] Stopping service...
[2025-05-09 12:49:09] [info]  [ 4304] Service stop thread completed.
[2025-05-09 12:49:09] [info]  [ 6200] Run service finished.
[2025-05-09 12:49:09] [info]  [ 6200] Apache Commons Daemon procrun finished.
[2025-05-09 12:49:09] [info]  [ 5840] Apache Commons Daemon procrun (1.4.1.0 64-bit) started.
[2025-05-09 12:49:09] [info]  [ 5840] Running Service 'Tomcat10'...
[2025-05-09 12:49:09] [info]  [ 4932] Starting service...
[2025-05-09 12:49:10] [info]  [ 4932] Service started in 1171 milliseconds.
[2025-05-09 13:11:25] [info]  [ 5840] Service SERVICE_CONTROL_STOP signalled.
[2025-05-09 13:11:25] [info]  [ 5104] Stopping service...
[2025-05-09 13:11:26] [info]  [ 5104] Service stop thread completed.
[2025-05-09 13:11:26] [info]  [ 5840] Run service finished.
[2025-05-09 13:11:26] [info]  [ 5840] Apache Commons Daemon procrun finished.
[2025-05-09 13:11:26] [info]  [ 5456] Apache Commons Daemon procrun (1.4.1.0 64-bit) started.
[2025-05-09 13:11:26] [info]  [ 5456] Running Service 'Tomcat10'...
[2025-05-09 13:11:26] [info]  [ 3196] Starting service...
[2025-05-09 13:11:27] [info]  [ 3196] Service started in 1173 milliseconds.
[2025-05-09 16:40:26] [info]  [ 5456] Service SERVICE_CONTROL_STOP signalled.
[2025-05-09 16:40:26] [info]  [ 9220] Stopping service...
[2025-05-09 16:40:27] [info]  [ 9220] Service stop thread completed.
[2025-05-09 16:40:27] [info]  [ 5456] Run service finished.
[2025-05-09 16:40:27] [info]  [ 5456] Apache Commons Daemon procrun finished.
[2025-05-09 16:40:27] [info]  [   96] Apache Commons Daemon procrun (1.4.1.0 64-bit) started.
[2025-05-09 16:40:27] [info]  [   96] Running Service 'Tomcat10'...
[2025-05-09 16:40:27] [info]  [ 8304] Starting service...
[2025-05-09 16:40:28] [info]  [ 8304] Service started in 1203 milliseconds.
[2025-05-09 16:45:22] [info]  [   96] Service SERVICE_CONTROL_STOP signalled.
[2025-05-09 16:45:22] [info]  [10172] Stopping service...
[2025-05-09 16:45:23] [info]  [10172] Service stop thread completed.
[2025-05-09 16:45:23] [info]  [   96] Run service finished.
[2025-05-09 16:45:23] [info]  [   96] Apache Commons Daemon procrun finished.
[2025-05-09 16:45:23] [info]  [ 5840] Apache Commons Daemon procrun (1.4.1.0 64-bit) started.
[2025-05-09 16:45:23] [info]  [ 5840] Running Service 'Tomcat10'...
[2025-05-09 16:45:23] [info]  [  456] Starting service...
[2025-05-09 16:45:24] [info]  [  456] Service started in 1163 milliseconds.
[2025-05-09 16:49:29] [info]  [ 5840] Service SERVICE_CONTROL_STOP signalled.
[2025-05-09 16:49:29] [info]  [ 8380] Stopping service...
[2025-05-09 16:49:30] [info]  [ 8380] Service stop thread completed.
[2025-05-09 16:49:30] [info]  [ 5840] Run service finished.
[2025-05-09 16:49:30] [info]  [ 5840] Apache Commons Daemon procrun finished.
[2025-05-09 16:49:31] [info]  [ 5552] Apache Commons Daemon procrun (1.4.1.0 64-bit) started.
[2025-05-09 16:49:31] [info]  [ 5552] Running Service 'Tomcat10'...
[2025-05-09 16:49:31] [info]  [ 9900] Starting service...
[2025-05-09 16:49:32] [info]  [ 9900] Service started in 1188 milliseconds.
[2025-05-09 16:58:16] [info]  [ 5552] Service SERVICE_CONTROL_STOP signalled.
[2025-05-09 16:58:16] [info]  [ 9432] Stopping service...
[2025-05-09 16:58:17] [info]  [ 9432] Service stop thread completed.
[2025-05-09 16:58:17] [info]  [ 5552] Run service finished.
[2025-05-09 16:58:17] [info]  [ 5552] Apache Commons Daemon procrun finished.
[2025-05-09 16:58:17] [info]  [ 8780] Apache Commons Daemon procrun (1.4.1.0 64-bit) started.
[2025-05-09 16:58:17] [info]  [ 8780] Running Service 'Tomcat10'...
[2025-05-09 16:58:17] [info]  [ 7780] Starting service...
[2025-05-09 16:58:18] [info]  [ 7780] Service started in 1413 milliseconds.
[2025-05-09 17:00:01] [info]  [ 8920] Console SHUTDOWN event signaled.
[2025-05-09 17:00:01] [info]  [ 8920] Stopping service...
[2025-05-09 17:00:02] [info]  [ 8920] Service stop thread completed.
[2025-05-09 17:00:02] [info]  [ 8780] Run service finished.
[2025-05-09 17:00:02] [info]  [ 8780] Apache Commons Daemon procrun finished.
