[2025-05-08 05:41:17] [info]  [ 6456] Apache Commons Daemon procrun (1.4.1.0 64-bit) started.
[2025-05-08 05:41:17] [info]  [ 6456] Running Service 'Tomcat10'...
[2025-05-08 05:41:17] [info]  [ 4636] Starting service...
[2025-05-08 05:41:18] [info]  [ 4636] Service started in 1625 milliseconds.
[2025-05-08 05:45:35] [info]  [ 6456] Service SERVICE_CONTROL_STOP signalled.
[2025-05-08 05:45:35] [info]  [ 8012] Stopping service...
[2025-05-08 05:45:36] [info]  [ 8012] Service stop thread completed.
[2025-05-08 05:45:36] [info]  [ 6456] Run service finished.
[2025-05-08 05:45:36] [info]  [ 6456] Apache Commons Daemon procrun finished.
[2025-05-08 05:45:36] [info]  [ 8048] Apache Commons Daemon procrun (1.4.1.0 64-bit) started.
[2025-05-08 05:45:36] [info]  [ 8048] Running Service 'Tomcat10'...
[2025-05-08 05:45:36] [info]  [ 8096] Starting service...
[2025-05-08 05:45:38] [info]  [ 8096] Service started in 1172 milliseconds.
[2025-05-08 05:56:19] [info]  [ 8048] Service SERVICE_CONTROL_STOP signalled.
[2025-05-08 05:56:19] [info]  [ 7084] Stopping service...
[2025-05-08 05:56:20] [info]  [ 7084] Service stop thread completed.
[2025-05-08 05:56:20] [info]  [ 8048] Run service finished.
[2025-05-08 05:56:20] [info]  [ 8048] Apache Commons Daemon procrun finished.
[2025-05-08 05:56:20] [info]  [ 7660] Apache Commons Daemon procrun (1.4.1.0 64-bit) started.
[2025-05-08 05:56:20] [info]  [ 7660] Running Service 'Tomcat10'...
[2025-05-08 05:56:20] [info]  [ 1788] Starting service...
[2025-05-08 05:56:21] [info]  [ 1788] Service started in 1184 milliseconds.
[2025-05-08 05:58:40] [info]  [ 7604] Console SHUTDOWN event signaled.
[2025-05-08 05:58:40] [info]  [ 7604] Stopping service...
[2025-05-08 05:58:41] [info]  [ 7604] Service stop thread completed.
[2025-05-08 05:58:41] [info]  [ 7660] Run service finished.
[2025-05-08 05:58:41] [info]  [ 7660] Apache Commons Daemon procrun finished.
[2025-05-08 06:32:26] [info]  [ 7380] Apache Commons Daemon procrun (1.4.1.0 64-bit) started.
[2025-05-08 06:32:26] [info]  [ 7380] Running Service 'Tomcat10'...
[2025-05-08 06:32:26] [info]  [ 7428] Starting service...
[2025-05-08 06:32:27] [info]  [ 7428] Service started in 1812 milliseconds.
[2025-05-08 06:39:37] [info]  [ 7380] Service SERVICE_CONTROL_STOP signalled.
[2025-05-08 06:39:37] [info]  [ 4936] Stopping service...
[2025-05-08 06:39:38] [info]  [ 4936] Service stop thread completed.
[2025-05-08 06:39:38] [info]  [ 7380] Run service finished.
[2025-05-08 06:39:38] [info]  [ 7380] Apache Commons Daemon procrun finished.
[2025-05-08 06:39:39] [info]  [ 6320] Apache Commons Daemon procrun (1.4.1.0 64-bit) started.
[2025-05-08 06:39:39] [info]  [ 6320] Running Service 'Tomcat10'...
[2025-05-08 06:39:39] [info]  [ 3224] Starting service...
[2025-05-08 06:39:40] [info]  [ 3224] Service started in 1163 milliseconds.
[2025-05-08 06:41:36] [info]  [ 6320] Service SERVICE_CONTROL_STOP signalled.
[2025-05-08 06:41:36] [info]  [ 6964] Stopping service...
[2025-05-08 06:41:37] [info]  [ 6964] Service stop thread completed.
[2025-05-08 06:41:37] [info]  [ 6320] Run service finished.
[2025-05-08 06:41:37] [info]  [ 6320] Apache Commons Daemon procrun finished.
[2025-05-08 06:41:37] [info]  [ 7580] Apache Commons Daemon procrun (1.4.1.0 64-bit) started.
[2025-05-08 06:41:37] [info]  [ 7580] Running Service 'Tomcat10'...
[2025-05-08 06:41:37] [info]  [ 6724] Starting service...
[2025-05-08 06:41:39] [info]  [ 6724] Service started in 1171 milliseconds.
[2025-05-08 06:48:19] [info]  [ 7580] Service SERVICE_CONTROL_STOP signalled.
[2025-05-08 06:48:19] [info]  [ 7828] Stopping service...
[2025-05-08 06:48:20] [info]  [ 7828] Service stop thread completed.
[2025-05-08 06:48:20] [info]  [ 7580] Run service finished.
[2025-05-08 06:48:20] [info]  [ 7580] Apache Commons Daemon procrun finished.
[2025-05-08 19:48:52] [info]  [ 5300] Apache Commons Daemon procrun (1.4.1.0 64-bit) started.
[2025-05-08 19:48:53] [info]  [ 5300] Running Service 'Tomcat10'...
[2025-05-08 19:48:53] [info]  [ 2388] Starting service...
[2025-05-08 19:48:55] [info]  [ 2388] Service started in 2109 milliseconds.
[2025-05-08 19:50:39] [info]  [ 5300] Service SERVICE_CONTROL_STOP signalled.
[2025-05-08 19:50:40] [info]  [ 4768] Stopping service...
[2025-05-08 19:50:41] [info]  [ 4768] Service stop thread completed.
[2025-05-08 19:50:41] [info]  [ 5300] Run service finished.
[2025-05-08 19:50:41] [info]  [ 5300] Apache Commons Daemon procrun finished.
[2025-05-08 19:50:41] [info]  [ 1056] Apache Commons Daemon procrun (1.4.1.0 64-bit) started.
[2025-05-08 19:50:41] [info]  [ 1056] Running Service 'Tomcat10'...
[2025-05-08 19:50:41] [info]  [ 6436] Starting service...
[2025-05-08 19:50:42] [info]  [ 6436] Service started in 1327 milliseconds.
[2025-05-08 19:55:15] [info]  [ 1056] Service SERVICE_CONTROL_STOP signalled.
[2025-05-08 19:55:15] [info]  [ 7740] Stopping service...
[2025-05-08 19:55:17] [info]  [ 7740] Service stop thread completed.
[2025-05-08 19:55:17] [info]  [ 1056] Run service finished.
[2025-05-08 19:55:17] [info]  [ 1056] Apache Commons Daemon procrun finished.
[2025-05-08 19:55:17] [info]  [ 7752] Apache Commons Daemon procrun (1.4.1.0 64-bit) started.
[2025-05-08 19:55:17] [info]  [ 7752] Running Service 'Tomcat10'...
[2025-05-08 19:55:17] [info]  [ 7764] Starting service...
[2025-05-08 19:55:18] [info]  [ 7764] Service started in 1437 milliseconds.
[2025-05-08 19:57:17] [info]  [ 7752] Service SERVICE_CONTROL_STOP signalled.
[2025-05-08 19:57:17] [info]  [ 8124] Stopping service...
[2025-05-08 19:57:18] [info]  [ 8124] Service stop thread completed.
[2025-05-08 19:57:18] [info]  [ 7752] Run service finished.
[2025-05-08 19:57:18] [info]  [ 7752] Apache Commons Daemon procrun finished.
[2025-05-08 19:57:19] [info]  [ 8112] Apache Commons Daemon procrun (1.4.1.0 64-bit) started.
[2025-05-08 19:57:19] [info]  [ 8112] Running Service 'Tomcat10'...
[2025-05-08 19:57:19] [info]  [ 6564] Starting service...
[2025-05-08 19:57:20] [info]  [ 6564] Service started in 1359 milliseconds.
[2025-05-08 20:06:38] [info]  [ 8112] Service SERVICE_CONTROL_STOP signalled.
[2025-05-08 20:06:38] [info]  [ 6812] Stopping service...
[2025-05-08 20:06:39] [info]  [ 6812] Service stop thread completed.
[2025-05-08 20:06:39] [info]  [ 8112] Run service finished.
[2025-05-08 20:06:39] [info]  [ 8112] Apache Commons Daemon procrun finished.
[2025-05-08 20:06:39] [info]  [ 5448] Apache Commons Daemon procrun (1.4.1.0 64-bit) started.
[2025-05-08 20:06:39] [info]  [ 5448] Running Service 'Tomcat10'...
[2025-05-08 20:06:39] [info]  [ 6232] Starting service...
[2025-05-08 20:06:41] [info]  [ 6232] Service started in 1375 milliseconds.
[2025-05-08 20:18:52] [info]  [ 5448] Service SERVICE_CONTROL_STOP signalled.
[2025-05-08 20:18:52] [info]  [ 1752] Stopping service...
[2025-05-08 20:18:53] [info]  [ 1752] Service stop thread completed.
[2025-05-08 20:18:53] [info]  [ 5448] Run service finished.
[2025-05-08 20:18:53] [info]  [ 5448] Apache Commons Daemon procrun finished.
[2025-05-08 20:18:53] [info]  [ 1956] Apache Commons Daemon procrun (1.4.1.0 64-bit) started.
[2025-05-08 20:18:53] [info]  [ 1956] Running Service 'Tomcat10'...
[2025-05-08 20:18:53] [info]  [ 8008] Starting service...
[2025-05-08 20:18:54] [info]  [ 8008] Service started in 1197 milliseconds.
[2025-05-09 10:42:16] [info]  [ 1956] Service SERVICE_CONTROL_STOP signalled.
[2025-05-09 10:42:16] [info]  [ 4268] Stopping service...
[2025-05-09 10:42:17] [info]  [ 4268] Service stop thread completed.
[2025-05-09 10:42:17] [info]  [ 1956] Run service finished.
[2025-05-09 10:42:17] [info]  [ 1956] Apache Commons Daemon procrun finished.
