[2025-05-10 11:32:57] [info]  [ 6140] Apache Commons Daemon procrun (1.4.1.0 64-bit) started.
[2025-05-10 11:32:57] [info]  [ 6140] Running Service 'Tomcat10'...
[2025-05-10 11:32:57] [info]  [  728] Starting service...
[2025-05-10 11:32:59] [info]  [  728] Service started in 1734 milliseconds.
[2025-05-10 11:33:30] [info]  [ 6140] Service SERVICE_CONTROL_STOP signalled.
[2025-05-10 11:33:30] [info]  [ 1740] Stopping service...
[2025-05-10 11:33:31] [info]  [ 1740] Service stop thread completed.
[2025-05-10 11:33:31] [info]  [ 6140] Run service finished.
[2025-05-10 11:33:31] [info]  [ 6140] Apache Commons Daemon procrun finished.
[2025-05-10 11:33:31] [info]  [ 1124] Apache Commons Daemon procrun (1.4.1.0 64-bit) started.
[2025-05-10 11:33:31] [info]  [ 1124] Running Service 'Tomcat10'...
[2025-05-10 11:33:31] [info]  [ 7100] Starting service...
[2025-05-10 11:33:32] [info]  [ 7100] Service started in 1187 milliseconds.
[2025-05-10 11:49:25] [info]  [ 1124] Service SERVICE_CONTROL_STOP signalled.
[2025-05-10 11:49:25] [info]  [ 9632] Stopping service...
[2025-05-10 11:49:26] [info]  [ 9632] Service stop thread completed.
[2025-05-10 11:49:26] [info]  [ 1124] Run service finished.
[2025-05-10 11:49:26] [info]  [ 1124] Apache Commons Daemon procrun finished.
[2025-05-10 11:49:27] [info]  [ 9708] Apache Commons Daemon procrun (1.4.1.0 64-bit) started.
[2025-05-10 11:49:27] [info]  [ 9708] Running Service 'Tomcat10'...
[2025-05-10 11:49:27] [info]  [ 8300] Starting service...
[2025-05-10 11:49:28] [info]  [ 8300] Service started in 1186 milliseconds.
[2025-05-10 12:16:43] [info]  [ 9708] Run service finished.
[2025-05-10 12:16:43] [info]  [ 9708] Apache Commons Daemon procrun finished.
[2025-05-10 12:25:20] [info]  [ 6992] Apache Commons Daemon procrun (1.4.1.0 64-bit) started.
[2025-05-10 12:25:20] [info]  [ 6992] Running Service 'Tomcat10'...
[2025-05-10 12:25:20] [info]  [ 5708] Starting service...
[2025-05-10 12:25:22] [info]  [ 5708] Service started in 1868 milliseconds.
[2025-05-10 12:29:10] [info]  [ 6992] Service SERVICE_CONTROL_STOP signalled.
[2025-05-10 12:29:10] [info]  [ 5592] Stopping service...
[2025-05-10 12:29:11] [info]  [ 5592] Service stop thread completed.
[2025-05-10 12:29:11] [info]  [ 6992] Run service finished.
[2025-05-10 12:29:11] [info]  [ 6992] Apache Commons Daemon procrun finished.
[2025-05-10 12:29:11] [info]  [ 3664] Apache Commons Daemon procrun (1.4.1.0 64-bit) started.
[2025-05-10 12:29:11] [info]  [ 3664] Running Service 'Tomcat10'...
[2025-05-10 12:29:11] [info]  [ 7980] Starting service...
[2025-05-10 12:29:12] [info]  [ 7980] Service started in 873 milliseconds.
[2025-05-10 12:33:13] [info]  [ 3664] Service SERVICE_CONTROL_STOP signalled.
[2025-05-10 12:33:13] [info]  [ 6584] Stopping service...
[2025-05-10 12:33:14] [info]  [ 6584] Service stop thread completed.
[2025-05-10 12:33:14] [info]  [ 3664] Run service finished.
[2025-05-10 12:33:14] [info]  [ 3664] Apache Commons Daemon procrun finished.
