08-May-2025 05:41:21.082 INFO [main] org.apache.catalina.core.ApplicationContext.log ContextListener: contextInitialized()
08-May-2025 05:41:21.082 INFO [main] org.apache.catalina.core.ApplicationContext.log SessionListener: contextInitialized()
08-May-2025 05:41:21.082 INFO [main] org.apache.catalina.core.ApplicationContext.log ContextListener: attributeAdded('StockTicker', 'async.Stockticker@15b986cd')
08-May-2025 05:45:35.629 INFO [Thread-2] org.apache.catalina.core.ApplicationContext.log SessionListener: contextDestroyed()
08-May-2025 05:45:35.629 INFO [Thread-2] org.apache.catalina.core.ApplicationContext.log ContextListener: contextDestroyed()
08-May-2025 05:45:38.068 INFO [main] org.apache.catalina.core.ApplicationContext.log ContextListener: contextInitialized()
08-May-2025 05:45:38.068 INFO [main] org.apache.catalina.core.ApplicationContext.log SessionListener: contextInitialized()
08-May-2025 05:45:38.084 INFO [main] org.apache.catalina.core.ApplicationContext.log ContextListener: attributeAdded('StockTicker', 'async.Stockticker@328572f0')
08-May-2025 05:49:33.466 INFO [http-nio-9090-exec-1] org.apache.catalina.core.ApplicationContext.log Marking servlet [HelloServlet] as unavailable
08-May-2025 05:49:33.467 SEVERE [http-nio-9090-exec-1] org.apache.catalina.core.StandardWrapperValve.invoke Allocate exception for servlet [HelloServlet]
	java.lang.ClassNotFoundException: javax.servlet.http.HttpServlet
		at org.apache.catalina.loader.WebappClassLoaderBase.loadClass(WebappClassLoaderBase.java:1380)
		at org.apache.catalina.loader.WebappClassLoaderBase.loadClass(WebappClassLoaderBase.java:1189)
		at java.base/java.lang.ClassLoader.defineClass1(Native Method)
		at java.base/java.lang.ClassLoader.defineClass(ClassLoader.java:1022)
		at java.base/java.security.SecureClassLoader.defineClass(SecureClassLoader.java:174)
		at org.apache.catalina.loader.WebappClassLoaderBase.findClassInternal(WebappClassLoaderBase.java:2359)
		at org.apache.catalina.loader.WebappClassLoaderBase.findClassInternal(WebappClassLoaderBase.java:2228)
		at org.apache.catalina.loader.WebappClassLoaderBase.findClass(WebappClassLoaderBase.java:814)
		at org.apache.catalina.loader.WebappClassLoaderBase.loadClass(WebappClassLoaderBase.java:1341)
		at org.apache.catalina.loader.WebappClassLoaderBase.loadClass(WebappClassLoaderBase.java:1189)
		at org.apache.catalina.core.DefaultInstanceManager.loadClass(DefaultInstanceManager.java:493)
		at org.apache.catalina.core.DefaultInstanceManager.loadClassMaybePrivileged(DefaultInstanceManager.java:475)
		at org.apache.catalina.core.DefaultInstanceManager.newInstance(DefaultInstanceManager.java:143)
		at org.apache.catalina.core.StandardWrapper.loadServlet(StandardWrapper.java:764)
		at org.apache.catalina.core.StandardWrapper.allocate(StandardWrapper.java:581)
		at org.apache.catalina.core.StandardWrapperValve.invoke(StandardWrapperValve.java:115)
		at org.apache.catalina.core.StandardContextValve.invoke(StandardContextValve.java:90)
		at org.apache.catalina.authenticator.AuthenticatorBase.invoke(AuthenticatorBase.java:483)
		at org.apache.catalina.core.StandardHostValve.invoke(StandardHostValve.java:116)
		at org.apache.catalina.valves.ErrorReportValve.invoke(ErrorReportValve.java:93)
		at org.apache.catalina.valves.AbstractAccessLogValve.invoke(AbstractAccessLogValve.java:666)
		at org.apache.catalina.core.StandardEngineValve.invoke(StandardEngineValve.java:74)
		at org.apache.catalina.connector.CoyoteAdapter.service(CoyoteAdapter.java:344)
		at org.apache.coyote.http11.Http11Processor.service(Http11Processor.java:398)
		at org.apache.coyote.AbstractProcessorLight.process(AbstractProcessorLight.java:63)
		at org.apache.coyote.AbstractProtocol$ConnectionHandler.process(AbstractProtocol.java:903)
		at org.apache.tomcat.util.net.NioEndpoint$SocketProcessor.doRun(NioEndpoint.java:1740)
		at org.apache.tomcat.util.net.SocketProcessorBase.run(SocketProcessorBase.java:52)
		at org.apache.tomcat.util.threads.ThreadPoolExecutor.runWorker(ThreadPoolExecutor.java:1189)
		at org.apache.tomcat.util.threads.ThreadPoolExecutor$Worker.run(ThreadPoolExecutor.java:658)
		at org.apache.tomcat.util.threads.TaskThread$WrappingRunnable.run(TaskThread.java:63)
		at java.base/java.lang.Thread.run(Thread.java:829)
08-May-2025 05:56:19.311 INFO [Thread-2] org.apache.catalina.core.ApplicationContext.log SessionListener: contextDestroyed()
08-May-2025 05:56:19.311 INFO [Thread-2] org.apache.catalina.core.ApplicationContext.log ContextListener: contextDestroyed()
08-May-2025 05:56:21.979 INFO [main] org.apache.catalina.core.ApplicationContext.log ContextListener: contextInitialized()
08-May-2025 05:56:21.979 INFO [main] org.apache.catalina.core.ApplicationContext.log SessionListener: contextInitialized()
08-May-2025 05:56:21.979 INFO [main] org.apache.catalina.core.ApplicationContext.log ContextListener: attributeAdded('StockTicker', 'async.Stockticker@678040b3')
08-May-2025 05:58:40.373 INFO [Thread-2] org.apache.catalina.core.ApplicationContext.log SessionListener: contextDestroyed()
08-May-2025 05:58:40.373 INFO [Thread-2] org.apache.catalina.core.ApplicationContext.log ContextListener: contextDestroyed()
08-May-2025 06:32:28.832 SEVERE [main] org.apache.catalina.realm.JNDIRealm.startInternal Exception opening directory server connection
	javax.naming.CommunicationException: ldap.example.com:389 [Root exception is java.net.UnknownHostException: ldap.example.com]
		at java.naming/com.sun.jndi.ldap.Connection.<init>(Connection.java:252)
		at java.naming/com.sun.jndi.ldap.LdapClient.<init>(LdapClient.java:137)
		at java.naming/com.sun.jndi.ldap.LdapClient.getInstance(LdapClient.java:1616)
		at java.naming/com.sun.jndi.ldap.LdapCtx.connect(LdapCtx.java:2847)
		at java.naming/com.sun.jndi.ldap.LdapCtx.<init>(LdapCtx.java:348)
		at java.naming/com.sun.jndi.ldap.LdapCtxFactory.getLdapCtxFromUrl(LdapCtxFactory.java:266)
		at java.naming/com.sun.jndi.ldap.LdapCtxFactory.getUsingURL(LdapCtxFactory.java:226)
		at java.naming/com.sun.jndi.ldap.LdapCtxFactory.getUsingURLs(LdapCtxFactory.java:284)
		at java.naming/com.sun.jndi.ldap.LdapCtxFactory.getLdapCtxInstance(LdapCtxFactory.java:185)
		at java.naming/com.sun.jndi.ldap.LdapCtxFactory.getInitialContext(LdapCtxFactory.java:115)
		at java.naming/javax.naming.spi.NamingManager.getInitialContext(NamingManager.java:730)
		at java.naming/javax.naming.InitialContext.getDefaultInitCtx(InitialContext.java:305)
		at java.naming/javax.naming.InitialContext.init(InitialContext.java:236)
		at java.naming/javax.naming.InitialContext.<init>(InitialContext.java:208)
		at java.naming/javax.naming.directory.InitialDirContext.<init>(InitialDirContext.java:101)
		at org.apache.catalina.realm.JNDIRealm.createDirContext(JNDIRealm.java:2549)
		at org.apache.catalina.realm.JNDIRealm.open(JNDIRealm.java:2519)
		at org.apache.catalina.realm.JNDIRealm.get(JNDIRealm.java:2474)
		at org.apache.catalina.realm.JNDIRealm.startInternal(JNDIRealm.java:2726)
		at org.apache.catalina.util.LifecycleBase.start(LifecycleBase.java:164)
		at org.apache.catalina.core.ContainerBase.startInternal(ContainerBase.java:742)
		at org.apache.catalina.core.StandardHost.startInternal(StandardHost.java:772)
		at org.apache.catalina.util.LifecycleBase.start(LifecycleBase.java:164)
		at org.apache.catalina.core.ContainerBase$StartChild.call(ContainerBase.java:1203)
		at org.apache.catalina.core.ContainerBase$StartChild.call(ContainerBase.java:1193)
		at java.base/java.util.concurrent.FutureTask.run(FutureTask.java:264)
		at org.apache.tomcat.util.threads.InlineExecutorService.execute(InlineExecutorService.java:75)
		at java.base/java.util.concurrent.AbstractExecutorService.submit(AbstractExecutorService.java:140)
		at org.apache.catalina.core.ContainerBase.startInternal(ContainerBase.java:749)
		at org.apache.catalina.core.StandardEngine.startInternal(StandardEngine.java:203)
		at org.apache.catalina.util.LifecycleBase.start(LifecycleBase.java:164)
		at org.apache.catalina.core.StandardService.startInternal(StandardService.java:412)
		at org.apache.catalina.util.LifecycleBase.start(LifecycleBase.java:164)
		at org.apache.catalina.core.StandardServer.startInternal(StandardServer.java:870)
		at org.apache.catalina.util.LifecycleBase.start(LifecycleBase.java:164)
		at org.apache.catalina.startup.Catalina.start(Catalina.java:761)
		at java.base/jdk.internal.reflect.NativeMethodAccessorImpl.invoke0(Native Method)
		at java.base/jdk.internal.reflect.NativeMethodAccessorImpl.invoke(NativeMethodAccessorImpl.java:62)
		at java.base/jdk.internal.reflect.DelegatingMethodAccessorImpl.invoke(DelegatingMethodAccessorImpl.java:43)
		at java.base/java.lang.reflect.Method.invoke(Method.java:566)
		at org.apache.catalina.startup.Bootstrap.start(Bootstrap.java:345)
		at org.apache.catalina.startup.Bootstrap.main(Bootstrap.java:476)
	Caused by: java.net.UnknownHostException: ldap.example.com
		at java.base/java.net.AbstractPlainSocketImpl.connect(AbstractPlainSocketImpl.java:229)
		at java.base/java.net.SocksSocketImpl.connect(SocksSocketImpl.java:392)
		at java.base/java.net.Socket.connect(Socket.java:609)
		at java.naming/com.sun.jndi.ldap.Connection.createSocket(Connection.java:335)
		at java.naming/com.sun.jndi.ldap.Connection.<init>(Connection.java:231)
		... 41 more
08-May-2025 06:32:30.599 INFO [main] org.apache.catalina.core.ApplicationContext.log ContextListener: contextInitialized()
08-May-2025 06:32:30.600 INFO [main] org.apache.catalina.core.ApplicationContext.log SessionListener: contextInitialized()
08-May-2025 06:32:30.601 INFO [main] org.apache.catalina.core.ApplicationContext.log ContextListener: attributeAdded('StockTicker', 'async.Stockticker@5d10455d')
08-May-2025 06:32:30.790 SEVERE [main] org.apache.catalina.realm.JNDIRealm.startInternal Exception opening directory server connection
	javax.naming.CommunicationException: ldap.example.com:389 [Root exception is java.net.UnknownHostException: ldap.example.com]
		at java.naming/com.sun.jndi.ldap.Connection.<init>(Connection.java:252)
		at java.naming/com.sun.jndi.ldap.LdapClient.<init>(LdapClient.java:137)
		at java.naming/com.sun.jndi.ldap.LdapClient.getInstance(LdapClient.java:1616)
		at java.naming/com.sun.jndi.ldap.LdapCtx.connect(LdapCtx.java:2847)
		at java.naming/com.sun.jndi.ldap.LdapCtx.<init>(LdapCtx.java:348)
		at java.naming/com.sun.jndi.ldap.LdapCtxFactory.getLdapCtxFromUrl(LdapCtxFactory.java:266)
		at java.naming/com.sun.jndi.ldap.LdapCtxFactory.getUsingURL(LdapCtxFactory.java:226)
		at java.naming/com.sun.jndi.ldap.LdapCtxFactory.getUsingURLs(LdapCtxFactory.java:284)
		at java.naming/com.sun.jndi.ldap.LdapCtxFactory.getLdapCtxInstance(LdapCtxFactory.java:185)
		at java.naming/com.sun.jndi.ldap.LdapCtxFactory.getInitialContext(LdapCtxFactory.java:115)
		at java.naming/javax.naming.spi.NamingManager.getInitialContext(NamingManager.java:730)
		at java.naming/javax.naming.InitialContext.getDefaultInitCtx(InitialContext.java:305)
		at java.naming/javax.naming.InitialContext.init(InitialContext.java:236)
		at java.naming/javax.naming.InitialContext.<init>(InitialContext.java:208)
		at java.naming/javax.naming.directory.InitialDirContext.<init>(InitialDirContext.java:101)
		at org.apache.catalina.realm.JNDIRealm.createDirContext(JNDIRealm.java:2549)
		at org.apache.catalina.realm.JNDIRealm.open(JNDIRealm.java:2519)
		at org.apache.catalina.realm.JNDIRealm.get(JNDIRealm.java:2474)
		at org.apache.catalina.realm.JNDIRealm.startInternal(JNDIRealm.java:2726)
		at org.apache.catalina.util.LifecycleBase.start(LifecycleBase.java:164)
		at org.apache.catalina.core.StandardContext.startInternal(StandardContext.java:4358)
		at org.apache.catalina.util.LifecycleBase.start(LifecycleBase.java:164)
		at org.apache.catalina.core.ContainerBase.addChildInternal(ContainerBase.java:599)
		at org.apache.catalina.core.ContainerBase.addChild(ContainerBase.java:571)
		at org.apache.catalina.core.StandardHost.addChild(StandardHost.java:654)
		at org.apache.catalina.startup.HostConfig.deployDirectory(HostConfig.java:1125)
		at org.apache.catalina.startup.HostConfig$DeployDirectory.run(HostConfig.java:1924)
		at java.base/java.util.concurrent.Executors$RunnableAdapter.call(Executors.java:515)
		at java.base/java.util.concurrent.FutureTask.run(FutureTask.java:264)
		at org.apache.tomcat.util.threads.InlineExecutorService.execute(InlineExecutorService.java:75)
		at java.base/java.util.concurrent.AbstractExecutorService.submit(AbstractExecutorService.java:118)
		at org.apache.catalina.startup.HostConfig.deployDirectories(HostConfig.java:1036)
		at org.apache.catalina.startup.HostConfig.deployApps(HostConfig.java:422)
		at org.apache.catalina.startup.HostConfig.start(HostConfig.java:1620)
		at org.apache.catalina.startup.HostConfig.lifecycleEvent(HostConfig.java:303)
		at org.apache.catalina.util.LifecycleBase.fireLifecycleEvent(LifecycleBase.java:109)
		at org.apache.catalina.util.LifecycleBase.setStateInternal(LifecycleBase.java:389)
		at org.apache.catalina.util.LifecycleBase.setState(LifecycleBase.java:336)
		at org.apache.catalina.core.ContainerBase.startInternal(ContainerBase.java:776)
		at org.apache.catalina.core.StandardHost.startInternal(StandardHost.java:772)
		at org.apache.catalina.util.LifecycleBase.start(LifecycleBase.java:164)
		at org.apache.catalina.core.ContainerBase$StartChild.call(ContainerBase.java:1203)
		at org.apache.catalina.core.ContainerBase$StartChild.call(ContainerBase.java:1193)
		at java.base/java.util.concurrent.FutureTask.run(FutureTask.java:264)
		at org.apache.tomcat.util.threads.InlineExecutorService.execute(InlineExecutorService.java:75)
		at java.base/java.util.concurrent.AbstractExecutorService.submit(AbstractExecutorService.java:140)
		at org.apache.catalina.core.ContainerBase.startInternal(ContainerBase.java:749)
		at org.apache.catalina.core.StandardEngine.startInternal(StandardEngine.java:203)
		at org.apache.catalina.util.LifecycleBase.start(LifecycleBase.java:164)
		at org.apache.catalina.core.StandardService.startInternal(StandardService.java:412)
		at org.apache.catalina.util.LifecycleBase.start(LifecycleBase.java:164)
		at org.apache.catalina.core.StandardServer.startInternal(StandardServer.java:870)
		at org.apache.catalina.util.LifecycleBase.start(LifecycleBase.java:164)
		at org.apache.catalina.startup.Catalina.start(Catalina.java:761)
		at java.base/jdk.internal.reflect.NativeMethodAccessorImpl.invoke0(Native Method)
		at java.base/jdk.internal.reflect.NativeMethodAccessorImpl.invoke(NativeMethodAccessorImpl.java:62)
		at java.base/jdk.internal.reflect.DelegatingMethodAccessorImpl.invoke(DelegatingMethodAccessorImpl.java:43)
		at java.base/java.lang.reflect.Method.invoke(Method.java:566)
		at org.apache.catalina.startup.Bootstrap.start(Bootstrap.java:345)
		at org.apache.catalina.startup.Bootstrap.main(Bootstrap.java:476)
	Caused by: java.net.UnknownHostException: ldap.example.com
		at java.base/java.net.AbstractPlainSocketImpl.connect(AbstractPlainSocketImpl.java:229)
		at java.base/java.net.SocksSocketImpl.connect(SocksSocketImpl.java:392)
		at java.base/java.net.Socket.connect(Socket.java:609)
		at java.naming/com.sun.jndi.ldap.Connection.createSocket(Connection.java:335)
		at java.naming/com.sun.jndi.ldap.Connection.<init>(Connection.java:231)
		... 59 more
08-May-2025 06:35:14.135 SEVERE [http-nio-9090-exec-2] org.apache.catalina.realm.JNDIRealm.authenticate Exception performing authentication
	javax.naming.CommunicationException: ldap.example.com:389 [Root exception is java.net.UnknownHostException: ldap.example.com]
		at java.naming/com.sun.jndi.ldap.Connection.<init>(Connection.java:252)
		at java.naming/com.sun.jndi.ldap.LdapClient.<init>(LdapClient.java:137)
		at java.naming/com.sun.jndi.ldap.LdapClient.getInstance(LdapClient.java:1616)
		at java.naming/com.sun.jndi.ldap.LdapCtx.connect(LdapCtx.java:2847)
		at java.naming/com.sun.jndi.ldap.LdapCtx.<init>(LdapCtx.java:348)
		at java.naming/com.sun.jndi.ldap.LdapCtxFactory.getLdapCtxFromUrl(LdapCtxFactory.java:266)
		at java.naming/com.sun.jndi.ldap.LdapCtxFactory.getUsingURL(LdapCtxFactory.java:226)
		at java.naming/com.sun.jndi.ldap.LdapCtxFactory.getUsingURLs(LdapCtxFactory.java:284)
		at java.naming/com.sun.jndi.ldap.LdapCtxFactory.getLdapCtxInstance(LdapCtxFactory.java:185)
		at java.naming/com.sun.jndi.ldap.LdapCtxFactory.getInitialContext(LdapCtxFactory.java:115)
		at java.naming/javax.naming.spi.NamingManager.getInitialContext(NamingManager.java:730)
		at java.naming/javax.naming.InitialContext.getDefaultInitCtx(InitialContext.java:305)
		at java.naming/javax.naming.InitialContext.init(InitialContext.java:236)
		at java.naming/javax.naming.InitialContext.<init>(InitialContext.java:208)
		at java.naming/javax.naming.directory.InitialDirContext.<init>(InitialDirContext.java:101)
		at org.apache.catalina.realm.JNDIRealm.createDirContext(JNDIRealm.java:2549)
		at org.apache.catalina.realm.JNDIRealm.open(JNDIRealm.java:2519)
		at org.apache.catalina.realm.JNDIRealm.get(JNDIRealm.java:2474)
		at org.apache.catalina.realm.JNDIRealm.authenticate(JNDIRealm.java:1146)
		at org.apache.catalina.authenticator.FormAuthenticator.doAuthenticate(FormAuthenticator.java:270)
		at org.apache.catalina.authenticator.AuthenticatorBase.invoke(AuthenticatorBase.java:564)
		at org.apache.catalina.core.StandardHostValve.invoke(StandardHostValve.java:116)
		at org.apache.catalina.valves.ErrorReportValve.invoke(ErrorReportValve.java:93)
		at org.apache.catalina.valves.AbstractAccessLogValve.invoke(AbstractAccessLogValve.java:666)
		at org.apache.catalina.core.StandardEngineValve.invoke(StandardEngineValve.java:74)
		at org.apache.catalina.connector.CoyoteAdapter.service(CoyoteAdapter.java:344)
		at org.apache.coyote.http11.Http11Processor.service(Http11Processor.java:398)
		at org.apache.coyote.AbstractProcessorLight.process(AbstractProcessorLight.java:63)
		at org.apache.coyote.AbstractProtocol$ConnectionHandler.process(AbstractProtocol.java:903)
		at org.apache.tomcat.util.net.NioEndpoint$SocketProcessor.doRun(NioEndpoint.java:1740)
		at org.apache.tomcat.util.net.SocketProcessorBase.run(SocketProcessorBase.java:52)
		at org.apache.tomcat.util.threads.ThreadPoolExecutor.runWorker(ThreadPoolExecutor.java:1189)
		at org.apache.tomcat.util.threads.ThreadPoolExecutor$Worker.run(ThreadPoolExecutor.java:658)
		at org.apache.tomcat.util.threads.TaskThread$WrappingRunnable.run(TaskThread.java:63)
		at java.base/java.lang.Thread.run(Thread.java:829)
	Caused by: java.net.UnknownHostException: ldap.example.com
		at java.base/java.net.AbstractPlainSocketImpl.connect(AbstractPlainSocketImpl.java:229)
		at java.base/java.net.SocksSocketImpl.connect(SocksSocketImpl.java:392)
		at java.base/java.net.Socket.connect(Socket.java:609)
		at java.naming/com.sun.jndi.ldap.Connection.createSocket(Connection.java:335)
		at java.naming/com.sun.jndi.ldap.Connection.<init>(Connection.java:231)
		... 34 more
08-May-2025 06:39:37.844 INFO [Thread-2] org.apache.catalina.core.ApplicationContext.log SessionListener: contextDestroyed()
08-May-2025 06:39:37.844 INFO [Thread-2] org.apache.catalina.core.ApplicationContext.log ContextListener: contextDestroyed()
08-May-2025 06:39:39.799 SEVERE [main] org.apache.catalina.realm.JNDIRealm.startInternal Exception opening directory server connection
	javax.naming.CommunicationException: ldap.example.com:389 [Root exception is java.net.UnknownHostException: ldap.example.com]
		at java.naming/com.sun.jndi.ldap.Connection.<init>(Connection.java:252)
		at java.naming/com.sun.jndi.ldap.LdapClient.<init>(LdapClient.java:137)
		at java.naming/com.sun.jndi.ldap.LdapClient.getInstance(LdapClient.java:1616)
		at java.naming/com.sun.jndi.ldap.LdapCtx.connect(LdapCtx.java:2847)
		at java.naming/com.sun.jndi.ldap.LdapCtx.<init>(LdapCtx.java:348)
		at java.naming/com.sun.jndi.ldap.LdapCtxFactory.getLdapCtxFromUrl(LdapCtxFactory.java:266)
		at java.naming/com.sun.jndi.ldap.LdapCtxFactory.getUsingURL(LdapCtxFactory.java:226)
		at java.naming/com.sun.jndi.ldap.LdapCtxFactory.getUsingURLs(LdapCtxFactory.java:284)
		at java.naming/com.sun.jndi.ldap.LdapCtxFactory.getLdapCtxInstance(LdapCtxFactory.java:185)
		at java.naming/com.sun.jndi.ldap.LdapCtxFactory.getInitialContext(LdapCtxFactory.java:115)
		at java.naming/javax.naming.spi.NamingManager.getInitialContext(NamingManager.java:730)
		at java.naming/javax.naming.InitialContext.getDefaultInitCtx(InitialContext.java:305)
		at java.naming/javax.naming.InitialContext.init(InitialContext.java:236)
		at java.naming/javax.naming.InitialContext.<init>(InitialContext.java:208)
		at java.naming/javax.naming.directory.InitialDirContext.<init>(InitialDirContext.java:101)
		at org.apache.catalina.realm.JNDIRealm.createDirContext(JNDIRealm.java:2549)
		at org.apache.catalina.realm.JNDIRealm.open(JNDIRealm.java:2519)
		at org.apache.catalina.realm.JNDIRealm.get(JNDIRealm.java:2474)
		at org.apache.catalina.realm.JNDIRealm.startInternal(JNDIRealm.java:2726)
		at org.apache.catalina.util.LifecycleBase.start(LifecycleBase.java:164)
		at org.apache.catalina.core.ContainerBase.startInternal(ContainerBase.java:742)
		at org.apache.catalina.core.StandardHost.startInternal(StandardHost.java:772)
		at org.apache.catalina.util.LifecycleBase.start(LifecycleBase.java:164)
		at org.apache.catalina.core.ContainerBase$StartChild.call(ContainerBase.java:1203)
		at org.apache.catalina.core.ContainerBase$StartChild.call(ContainerBase.java:1193)
		at java.base/java.util.concurrent.FutureTask.run(FutureTask.java:264)
		at org.apache.tomcat.util.threads.InlineExecutorService.execute(InlineExecutorService.java:75)
		at java.base/java.util.concurrent.AbstractExecutorService.submit(AbstractExecutorService.java:140)
		at org.apache.catalina.core.ContainerBase.startInternal(ContainerBase.java:749)
		at org.apache.catalina.core.StandardEngine.startInternal(StandardEngine.java:203)
		at org.apache.catalina.util.LifecycleBase.start(LifecycleBase.java:164)
		at org.apache.catalina.core.StandardService.startInternal(StandardService.java:412)
		at org.apache.catalina.util.LifecycleBase.start(LifecycleBase.java:164)
		at org.apache.catalina.core.StandardServer.startInternal(StandardServer.java:870)
		at org.apache.catalina.util.LifecycleBase.start(LifecycleBase.java:164)
		at org.apache.catalina.startup.Catalina.start(Catalina.java:761)
		at java.base/jdk.internal.reflect.NativeMethodAccessorImpl.invoke0(Native Method)
		at java.base/jdk.internal.reflect.NativeMethodAccessorImpl.invoke(NativeMethodAccessorImpl.java:62)
		at java.base/jdk.internal.reflect.DelegatingMethodAccessorImpl.invoke(DelegatingMethodAccessorImpl.java:43)
		at java.base/java.lang.reflect.Method.invoke(Method.java:566)
		at org.apache.catalina.startup.Bootstrap.start(Bootstrap.java:345)
		at org.apache.catalina.startup.Bootstrap.main(Bootstrap.java:476)
	Caused by: java.net.UnknownHostException: ldap.example.com
		at java.base/java.net.AbstractPlainSocketImpl.connect(AbstractPlainSocketImpl.java:229)
		at java.base/java.net.SocksSocketImpl.connect(SocksSocketImpl.java:392)
		at java.base/java.net.Socket.connect(Socket.java:609)
		at java.naming/com.sun.jndi.ldap.Connection.createSocket(Connection.java:335)
		at java.naming/com.sun.jndi.ldap.Connection.<init>(Connection.java:231)
		... 41 more
08-May-2025 06:39:40.301 INFO [main] org.apache.catalina.core.ApplicationContext.log ContextListener: contextInitialized()
08-May-2025 06:39:40.301 INFO [main] org.apache.catalina.core.ApplicationContext.log SessionListener: contextInitialized()
08-May-2025 06:39:40.302 INFO [main] org.apache.catalina.core.ApplicationContext.log ContextListener: attributeAdded('StockTicker', 'async.Stockticker@2617f816')
08-May-2025 06:41:36.648 INFO [Thread-2] org.apache.catalina.core.ApplicationContext.log SessionListener: contextDestroyed()
08-May-2025 06:41:36.648 INFO [Thread-2] org.apache.catalina.core.ApplicationContext.log ContextListener: contextDestroyed()
08-May-2025 06:41:38.617 SEVERE [main] org.apache.catalina.realm.JNDIRealm.startInternal Exception opening directory server connection
	javax.naming.CommunicationException: ldap.example.com:389 [Root exception is java.net.UnknownHostException: ldap.example.com]
		at java.naming/com.sun.jndi.ldap.Connection.<init>(Connection.java:252)
		at java.naming/com.sun.jndi.ldap.LdapClient.<init>(LdapClient.java:137)
		at java.naming/com.sun.jndi.ldap.LdapClient.getInstance(LdapClient.java:1616)
		at java.naming/com.sun.jndi.ldap.LdapCtx.connect(LdapCtx.java:2847)
		at java.naming/com.sun.jndi.ldap.LdapCtx.<init>(LdapCtx.java:348)
		at java.naming/com.sun.jndi.ldap.LdapCtxFactory.getLdapCtxFromUrl(LdapCtxFactory.java:266)
		at java.naming/com.sun.jndi.ldap.LdapCtxFactory.getUsingURL(LdapCtxFactory.java:226)
		at java.naming/com.sun.jndi.ldap.LdapCtxFactory.getUsingURLs(LdapCtxFactory.java:284)
		at java.naming/com.sun.jndi.ldap.LdapCtxFactory.getLdapCtxInstance(LdapCtxFactory.java:185)
		at java.naming/com.sun.jndi.ldap.LdapCtxFactory.getInitialContext(LdapCtxFactory.java:115)
		at java.naming/javax.naming.spi.NamingManager.getInitialContext(NamingManager.java:730)
		at java.naming/javax.naming.InitialContext.getDefaultInitCtx(InitialContext.java:305)
		at java.naming/javax.naming.InitialContext.init(InitialContext.java:236)
		at java.naming/javax.naming.InitialContext.<init>(InitialContext.java:208)
		at java.naming/javax.naming.directory.InitialDirContext.<init>(InitialDirContext.java:101)
		at org.apache.catalina.realm.JNDIRealm.createDirContext(JNDIRealm.java:2549)
		at org.apache.catalina.realm.JNDIRealm.open(JNDIRealm.java:2519)
		at org.apache.catalina.realm.JNDIRealm.get(JNDIRealm.java:2474)
		at org.apache.catalina.realm.JNDIRealm.startInternal(JNDIRealm.java:2726)
		at org.apache.catalina.util.LifecycleBase.start(LifecycleBase.java:164)
		at org.apache.catalina.core.ContainerBase.startInternal(ContainerBase.java:742)
		at org.apache.catalina.core.StandardHost.startInternal(StandardHost.java:772)
		at org.apache.catalina.util.LifecycleBase.start(LifecycleBase.java:164)
		at org.apache.catalina.core.ContainerBase$StartChild.call(ContainerBase.java:1203)
		at org.apache.catalina.core.ContainerBase$StartChild.call(ContainerBase.java:1193)
		at java.base/java.util.concurrent.FutureTask.run(FutureTask.java:264)
		at org.apache.tomcat.util.threads.InlineExecutorService.execute(InlineExecutorService.java:75)
		at java.base/java.util.concurrent.AbstractExecutorService.submit(AbstractExecutorService.java:140)
		at org.apache.catalina.core.ContainerBase.startInternal(ContainerBase.java:749)
		at org.apache.catalina.core.StandardEngine.startInternal(StandardEngine.java:203)
		at org.apache.catalina.util.LifecycleBase.start(LifecycleBase.java:164)
		at org.apache.catalina.core.StandardService.startInternal(StandardService.java:412)
		at org.apache.catalina.util.LifecycleBase.start(LifecycleBase.java:164)
		at org.apache.catalina.core.StandardServer.startInternal(StandardServer.java:870)
		at org.apache.catalina.util.LifecycleBase.start(LifecycleBase.java:164)
		at org.apache.catalina.startup.Catalina.start(Catalina.java:761)
		at java.base/jdk.internal.reflect.NativeMethodAccessorImpl.invoke0(Native Method)
		at java.base/jdk.internal.reflect.NativeMethodAccessorImpl.invoke(NativeMethodAccessorImpl.java:62)
		at java.base/jdk.internal.reflect.DelegatingMethodAccessorImpl.invoke(DelegatingMethodAccessorImpl.java:43)
		at java.base/java.lang.reflect.Method.invoke(Method.java:566)
		at org.apache.catalina.startup.Bootstrap.start(Bootstrap.java:345)
		at org.apache.catalina.startup.Bootstrap.main(Bootstrap.java:476)
	Caused by: java.net.UnknownHostException: ldap.example.com
		at java.base/java.net.AbstractPlainSocketImpl.connect(AbstractPlainSocketImpl.java:229)
		at java.base/java.net.SocksSocketImpl.connect(SocksSocketImpl.java:392)
		at java.base/java.net.Socket.connect(Socket.java:609)
		at java.naming/com.sun.jndi.ldap.Connection.createSocket(Connection.java:335)
		at java.naming/com.sun.jndi.ldap.Connection.<init>(Connection.java:231)
		... 41 more
08-May-2025 06:41:39.132 INFO [main] org.apache.catalina.core.ApplicationContext.log ContextListener: contextInitialized()
08-May-2025 06:41:39.132 INFO [main] org.apache.catalina.core.ApplicationContext.log SessionListener: contextInitialized()
08-May-2025 06:41:39.132 INFO [main] org.apache.catalina.core.ApplicationContext.log ContextListener: attributeAdded('StockTicker', 'async.Stockticker@676f0a60')
08-May-2025 06:48:19.605 INFO [Thread-2] org.apache.catalina.core.ApplicationContext.log SessionListener: contextDestroyed()
08-May-2025 06:48:19.605 INFO [Thread-2] org.apache.catalina.core.ApplicationContext.log ContextListener: contextDestroyed()
08-May-2025 19:49:00.309 SEVERE [main] org.apache.catalina.realm.JNDIRealm.startInternal Exception opening directory server connection
	javax.naming.CommunicationException: ldap.example.com:389 [Root exception is java.net.UnknownHostException: ldap.example.com]
		at java.naming/com.sun.jndi.ldap.Connection.<init>(Connection.java:252)
		at java.naming/com.sun.jndi.ldap.LdapClient.<init>(LdapClient.java:137)
		at java.naming/com.sun.jndi.ldap.LdapClient.getInstance(LdapClient.java:1616)
		at java.naming/com.sun.jndi.ldap.LdapCtx.connect(LdapCtx.java:2847)
		at java.naming/com.sun.jndi.ldap.LdapCtx.<init>(LdapCtx.java:348)
		at java.naming/com.sun.jndi.ldap.LdapCtxFactory.getLdapCtxFromUrl(LdapCtxFactory.java:266)
		at java.naming/com.sun.jndi.ldap.LdapCtxFactory.getUsingURL(LdapCtxFactory.java:226)
		at java.naming/com.sun.jndi.ldap.LdapCtxFactory.getUsingURLs(LdapCtxFactory.java:284)
		at java.naming/com.sun.jndi.ldap.LdapCtxFactory.getLdapCtxInstance(LdapCtxFactory.java:185)
		at java.naming/com.sun.jndi.ldap.LdapCtxFactory.getInitialContext(LdapCtxFactory.java:115)
		at java.naming/javax.naming.spi.NamingManager.getInitialContext(NamingManager.java:730)
		at java.naming/javax.naming.InitialContext.getDefaultInitCtx(InitialContext.java:305)
		at java.naming/javax.naming.InitialContext.init(InitialContext.java:236)
		at java.naming/javax.naming.InitialContext.<init>(InitialContext.java:208)
		at java.naming/javax.naming.directory.InitialDirContext.<init>(InitialDirContext.java:101)
		at org.apache.catalina.realm.JNDIRealm.createDirContext(JNDIRealm.java:2549)
		at org.apache.catalina.realm.JNDIRealm.open(JNDIRealm.java:2519)
		at org.apache.catalina.realm.JNDIRealm.get(JNDIRealm.java:2474)
		at org.apache.catalina.realm.JNDIRealm.startInternal(JNDIRealm.java:2726)
		at org.apache.catalina.util.LifecycleBase.start(LifecycleBase.java:164)
		at org.apache.catalina.core.ContainerBase.startInternal(ContainerBase.java:742)
		at org.apache.catalina.core.StandardHost.startInternal(StandardHost.java:772)
		at org.apache.catalina.util.LifecycleBase.start(LifecycleBase.java:164)
		at org.apache.catalina.core.ContainerBase$StartChild.call(ContainerBase.java:1203)
		at org.apache.catalina.core.ContainerBase$StartChild.call(ContainerBase.java:1193)
		at java.base/java.util.concurrent.FutureTask.run(FutureTask.java:264)
		at org.apache.tomcat.util.threads.InlineExecutorService.execute(InlineExecutorService.java:75)
		at java.base/java.util.concurrent.AbstractExecutorService.submit(AbstractExecutorService.java:140)
		at org.apache.catalina.core.ContainerBase.startInternal(ContainerBase.java:749)
		at org.apache.catalina.core.StandardEngine.startInternal(StandardEngine.java:203)
		at org.apache.catalina.util.LifecycleBase.start(LifecycleBase.java:164)
		at org.apache.catalina.core.StandardService.startInternal(StandardService.java:412)
		at org.apache.catalina.util.LifecycleBase.start(LifecycleBase.java:164)
		at org.apache.catalina.core.StandardServer.startInternal(StandardServer.java:870)
		at org.apache.catalina.util.LifecycleBase.start(LifecycleBase.java:164)
		at org.apache.catalina.startup.Catalina.start(Catalina.java:761)
		at java.base/jdk.internal.reflect.NativeMethodAccessorImpl.invoke0(Native Method)
		at java.base/jdk.internal.reflect.NativeMethodAccessorImpl.invoke(NativeMethodAccessorImpl.java:62)
		at java.base/jdk.internal.reflect.DelegatingMethodAccessorImpl.invoke(DelegatingMethodAccessorImpl.java:43)
		at java.base/java.lang.reflect.Method.invoke(Method.java:566)
		at org.apache.catalina.startup.Bootstrap.start(Bootstrap.java:345)
		at org.apache.catalina.startup.Bootstrap.main(Bootstrap.java:476)
	Caused by: java.net.UnknownHostException: ldap.example.com
		at java.base/java.net.AbstractPlainSocketImpl.connect(AbstractPlainSocketImpl.java:229)
		at java.base/java.net.SocksSocketImpl.connect(SocksSocketImpl.java:392)
		at java.base/java.net.Socket.connect(Socket.java:609)
		at java.naming/com.sun.jndi.ldap.Connection.createSocket(Connection.java:335)
		at java.naming/com.sun.jndi.ldap.Connection.<init>(Connection.java:231)
		... 41 more
08-May-2025 19:49:04.153 INFO [main] org.apache.catalina.core.ApplicationContext.log ContextListener: contextInitialized()
08-May-2025 19:49:04.153 INFO [main] org.apache.catalina.core.ApplicationContext.log SessionListener: contextInitialized()
08-May-2025 19:49:04.153 INFO [main] org.apache.catalina.core.ApplicationContext.log ContextListener: attributeAdded('StockTicker', 'async.Stockticker@535b8c24')
08-May-2025 19:50:40.230 INFO [Thread-2] org.apache.catalina.core.ApplicationContext.log SessionListener: contextDestroyed()
08-May-2025 19:50:40.246 INFO [Thread-2] org.apache.catalina.core.ApplicationContext.log ContextListener: contextDestroyed()
08-May-2025 19:50:42.729 SEVERE [main] org.apache.catalina.realm.JNDIRealm.startInternal Exception opening directory server connection
	javax.naming.AuthenticationException: [LDAP: error code 49 - INVALID_CREDENTIALS: Bind failed: ERR_229 Cannot authenticate user ]
		at java.naming/com.sun.jndi.ldap.LdapCtx.mapErrorCode(LdapCtx.java:3259)
		at java.naming/com.sun.jndi.ldap.LdapCtx.processReturnCode(LdapCtx.java:3205)
		at java.naming/com.sun.jndi.ldap.LdapCtx.processReturnCode(LdapCtx.java:2991)
		at java.naming/com.sun.jndi.ldap.LdapCtx.connect(LdapCtx.java:2905)
		at java.naming/com.sun.jndi.ldap.LdapCtx.<init>(LdapCtx.java:348)
		at java.naming/com.sun.jndi.ldap.LdapCtxFactory.getLdapCtxFromUrl(LdapCtxFactory.java:266)
		at java.naming/com.sun.jndi.ldap.LdapCtxFactory.getUsingURL(LdapCtxFactory.java:226)
		at java.naming/com.sun.jndi.ldap.LdapCtxFactory.getUsingURLs(LdapCtxFactory.java:284)
		at java.naming/com.sun.jndi.ldap.LdapCtxFactory.getLdapCtxInstance(LdapCtxFactory.java:185)
		at java.naming/com.sun.jndi.ldap.LdapCtxFactory.getInitialContext(LdapCtxFactory.java:115)
		at java.naming/javax.naming.spi.NamingManager.getInitialContext(NamingManager.java:730)
		at java.naming/javax.naming.InitialContext.getDefaultInitCtx(InitialContext.java:305)
		at java.naming/javax.naming.InitialContext.init(InitialContext.java:236)
		at java.naming/javax.naming.InitialContext.<init>(InitialContext.java:208)
		at java.naming/javax.naming.directory.InitialDirContext.<init>(InitialDirContext.java:101)
		at org.apache.catalina.realm.JNDIRealm.createDirContext(JNDIRealm.java:2549)
		at org.apache.catalina.realm.JNDIRealm.open(JNDIRealm.java:2519)
		at org.apache.catalina.realm.JNDIRealm.get(JNDIRealm.java:2474)
		at org.apache.catalina.realm.JNDIRealm.startInternal(JNDIRealm.java:2726)
		at org.apache.catalina.util.LifecycleBase.start(LifecycleBase.java:164)
		at org.apache.catalina.core.ContainerBase.startInternal(ContainerBase.java:742)
		at org.apache.catalina.core.StandardHost.startInternal(StandardHost.java:772)
		at org.apache.catalina.util.LifecycleBase.start(LifecycleBase.java:164)
		at org.apache.catalina.core.ContainerBase$StartChild.call(ContainerBase.java:1203)
		at org.apache.catalina.core.ContainerBase$StartChild.call(ContainerBase.java:1193)
		at java.base/java.util.concurrent.FutureTask.run(FutureTask.java:264)
		at org.apache.tomcat.util.threads.InlineExecutorService.execute(InlineExecutorService.java:75)
		at java.base/java.util.concurrent.AbstractExecutorService.submit(AbstractExecutorService.java:140)
		at org.apache.catalina.core.ContainerBase.startInternal(ContainerBase.java:749)
		at org.apache.catalina.core.StandardEngine.startInternal(StandardEngine.java:203)
		at org.apache.catalina.util.LifecycleBase.start(LifecycleBase.java:164)
		at org.apache.catalina.core.StandardService.startInternal(StandardService.java:412)
		at org.apache.catalina.util.LifecycleBase.start(LifecycleBase.java:164)
		at org.apache.catalina.core.StandardServer.startInternal(StandardServer.java:870)
		at org.apache.catalina.util.LifecycleBase.start(LifecycleBase.java:164)
		at org.apache.catalina.startup.Catalina.start(Catalina.java:761)
		at java.base/jdk.internal.reflect.NativeMethodAccessorImpl.invoke0(Native Method)
		at java.base/jdk.internal.reflect.NativeMethodAccessorImpl.invoke(NativeMethodAccessorImpl.java:62)
		at java.base/jdk.internal.reflect.DelegatingMethodAccessorImpl.invoke(DelegatingMethodAccessorImpl.java:43)
		at java.base/java.lang.reflect.Method.invoke(Method.java:566)
		at org.apache.catalina.startup.Bootstrap.start(Bootstrap.java:345)
		at org.apache.catalina.startup.Bootstrap.main(Bootstrap.java:476)
08-May-2025 19:50:43.636 INFO [main] org.apache.catalina.core.ApplicationContext.log ContextListener: contextInitialized()
08-May-2025 19:50:43.636 INFO [main] org.apache.catalina.core.ApplicationContext.log SessionListener: contextInitialized()
08-May-2025 19:50:43.636 INFO [main] org.apache.catalina.core.ApplicationContext.log ContextListener: attributeAdded('StockTicker', 'async.Stockticker@20921b9b')
08-May-2025 19:55:16.195 INFO [Thread-3] org.apache.catalina.core.ApplicationContext.log SessionListener: contextDestroyed()
08-May-2025 19:55:16.195 INFO [Thread-3] org.apache.catalina.core.ApplicationContext.log ContextListener: contextDestroyed()
08-May-2025 19:55:19.132 SEVERE [main] org.apache.catalina.realm.JNDIRealm.startInternal Exception opening directory server connection
	javax.naming.AuthenticationException: [LDAP: error code 49 - INVALID_CREDENTIALS: Bind failed: ERR_229 Cannot authenticate user ]
		at java.naming/com.sun.jndi.ldap.LdapCtx.mapErrorCode(LdapCtx.java:3259)
		at java.naming/com.sun.jndi.ldap.LdapCtx.processReturnCode(LdapCtx.java:3205)
		at java.naming/com.sun.jndi.ldap.LdapCtx.processReturnCode(LdapCtx.java:2991)
		at java.naming/com.sun.jndi.ldap.LdapCtx.connect(LdapCtx.java:2905)
		at java.naming/com.sun.jndi.ldap.LdapCtx.<init>(LdapCtx.java:348)
		at java.naming/com.sun.jndi.ldap.LdapCtxFactory.getLdapCtxFromUrl(LdapCtxFactory.java:266)
		at java.naming/com.sun.jndi.ldap.LdapCtxFactory.getUsingURL(LdapCtxFactory.java:226)
		at java.naming/com.sun.jndi.ldap.LdapCtxFactory.getUsingURLs(LdapCtxFactory.java:284)
		at java.naming/com.sun.jndi.ldap.LdapCtxFactory.getLdapCtxInstance(LdapCtxFactory.java:185)
		at java.naming/com.sun.jndi.ldap.LdapCtxFactory.getInitialContext(LdapCtxFactory.java:115)
		at java.naming/javax.naming.spi.NamingManager.getInitialContext(NamingManager.java:730)
		at java.naming/javax.naming.InitialContext.getDefaultInitCtx(InitialContext.java:305)
		at java.naming/javax.naming.InitialContext.init(InitialContext.java:236)
		at java.naming/javax.naming.InitialContext.<init>(InitialContext.java:208)
		at java.naming/javax.naming.directory.InitialDirContext.<init>(InitialDirContext.java:101)
		at org.apache.catalina.realm.JNDIRealm.createDirContext(JNDIRealm.java:2549)
		at org.apache.catalina.realm.JNDIRealm.open(JNDIRealm.java:2519)
		at org.apache.catalina.realm.JNDIRealm.get(JNDIRealm.java:2474)
		at org.apache.catalina.realm.JNDIRealm.startInternal(JNDIRealm.java:2726)
		at org.apache.catalina.util.LifecycleBase.start(LifecycleBase.java:164)
		at org.apache.catalina.core.ContainerBase.startInternal(ContainerBase.java:742)
		at org.apache.catalina.core.StandardHost.startInternal(StandardHost.java:772)
		at org.apache.catalina.util.LifecycleBase.start(LifecycleBase.java:164)
		at org.apache.catalina.core.ContainerBase$StartChild.call(ContainerBase.java:1203)
		at org.apache.catalina.core.ContainerBase$StartChild.call(ContainerBase.java:1193)
		at java.base/java.util.concurrent.FutureTask.run(FutureTask.java:264)
		at org.apache.tomcat.util.threads.InlineExecutorService.execute(InlineExecutorService.java:75)
		at java.base/java.util.concurrent.AbstractExecutorService.submit(AbstractExecutorService.java:140)
		at org.apache.catalina.core.ContainerBase.startInternal(ContainerBase.java:749)
		at org.apache.catalina.core.StandardEngine.startInternal(StandardEngine.java:203)
		at org.apache.catalina.util.LifecycleBase.start(LifecycleBase.java:164)
		at org.apache.catalina.core.StandardService.startInternal(StandardService.java:412)
		at org.apache.catalina.util.LifecycleBase.start(LifecycleBase.java:164)
		at org.apache.catalina.core.StandardServer.startInternal(StandardServer.java:870)
		at org.apache.catalina.util.LifecycleBase.start(LifecycleBase.java:164)
		at org.apache.catalina.startup.Catalina.start(Catalina.java:761)
		at java.base/jdk.internal.reflect.NativeMethodAccessorImpl.invoke0(Native Method)
		at java.base/jdk.internal.reflect.NativeMethodAccessorImpl.invoke(NativeMethodAccessorImpl.java:62)
		at java.base/jdk.internal.reflect.DelegatingMethodAccessorImpl.invoke(DelegatingMethodAccessorImpl.java:43)
		at java.base/java.lang.reflect.Method.invoke(Method.java:566)
		at org.apache.catalina.startup.Bootstrap.start(Bootstrap.java:345)
		at org.apache.catalina.startup.Bootstrap.main(Bootstrap.java:476)
08-May-2025 19:55:20.038 INFO [main] org.apache.catalina.core.ApplicationContext.log ContextListener: contextInitialized()
08-May-2025 19:55:20.038 INFO [main] org.apache.catalina.core.ApplicationContext.log SessionListener: contextInitialized()
08-May-2025 19:55:20.038 INFO [main] org.apache.catalina.core.ApplicationContext.log ContextListener: attributeAdded('StockTicker', 'async.Stockticker@654b72c0')
08-May-2025 19:57:17.912 INFO [Thread-3] org.apache.catalina.core.ApplicationContext.log SessionListener: contextDestroyed()
08-May-2025 19:57:17.912 INFO [Thread-3] org.apache.catalina.core.ApplicationContext.log ContextListener: contextDestroyed()
08-May-2025 19:57:21.397 INFO [main] org.apache.catalina.core.ApplicationContext.log ContextListener: contextInitialized()
08-May-2025 19:57:21.397 INFO [main] org.apache.catalina.core.ApplicationContext.log SessionListener: contextInitialized()
08-May-2025 19:57:21.397 INFO [main] org.apache.catalina.core.ApplicationContext.log ContextListener: attributeAdded('StockTicker', 'async.Stockticker@3f3c7bdb')
08-May-2025 20:06:38.467 INFO [Thread-3] org.apache.catalina.core.ApplicationContext.log SessionListener: contextDestroyed()
08-May-2025 20:06:38.467 INFO [Thread-3] org.apache.catalina.core.ApplicationContext.log ContextListener: contextDestroyed()
08-May-2025 20:06:42.178 INFO [main] org.apache.catalina.core.ApplicationContext.log ContextListener: contextInitialized()
08-May-2025 20:06:42.179 INFO [main] org.apache.catalina.core.ApplicationContext.log SessionListener: contextInitialized()
08-May-2025 20:06:42.180 INFO [main] org.apache.catalina.core.ApplicationContext.log ContextListener: attributeAdded('StockTicker', 'async.Stockticker@20921b9b')
08-May-2025 20:18:52.199 INFO [Thread-4] org.apache.catalina.core.ApplicationContext.log SessionListener: contextDestroyed()
08-May-2025 20:18:52.199 INFO [Thread-4] org.apache.catalina.core.ApplicationContext.log ContextListener: contextDestroyed()
08-May-2025 20:18:55.074 INFO [main] org.apache.catalina.core.ApplicationContext.log ContextListener: contextInitialized()
08-May-2025 20:18:55.074 INFO [main] org.apache.catalina.core.ApplicationContext.log SessionListener: contextInitialized()
08-May-2025 20:18:55.074 INFO [main] org.apache.catalina.core.ApplicationContext.log ContextListener: attributeAdded('StockTicker', 'async.Stockticker@867ba60')
08-May-2025 20:42:16.617 INFO [Thread-5] org.apache.catalina.core.ApplicationContext.log SessionListener: contextDestroyed()
08-May-2025 20:42:16.617 INFO [Thread-5] org.apache.catalina.core.ApplicationContext.log ContextListener: contextDestroyed()
